<ns0:test-suite xmlns:ns0="urn:model.allure.qatools.yandex.ru" start="1559829806835" stop="1559829807037">
  <name>scripts.test_login</name>
  <labels/>
  <test-cases>
    <test-case start="1559829806835" status="failed" stop="1559829807008">
      <name>TestLogin.test_login_001</name>
      <failure>
        <message>AssertionError: assert 0</message>
        <stack-trace>self = &lt;scripts.test_login.TestLogin object at 0x03C117D0&gt;

    def test_login_001(self):
&gt;       assert 0
E       assert 0

scripts\test_login.py:3: AssertionError</stack-trace>
      </failure>
      <attachments/>
      <labels>
        <label name="severity" value="normal"/>
        <label name="thread" value="9916-MainThread"/>
        <label name="host" value="DESKTOP-QHO4KQD"/>
        <label name="framework" value="pytest"/>
        <label name="language" value="cpython3"/>
      </labels>
      <steps/>
    </test-case>
    <test-case start="1559829807011" status="failed" stop="1559829807025">
      <name>TestLogin.test_login_002</name>
      <failure>
        <message>AssertionError: assert 0</message>
        <stack-trace>self = &lt;scripts.test_login.TestLogin object at 0x03BC4530&gt;

    def test_login_002(self):
&gt;       assert 0
E       assert 0

scripts\test_login.py:5: AssertionError</stack-trace>
      </failure>
      <attachments/>
      <labels>
        <label name="severity" value="normal"/>
        <label name="thread" value="9916-MainThread"/>
        <label name="host" value="DESKTOP-QHO4KQD"/>
        <label name="framework" value="pytest"/>
        <label name="language" value="cpython3"/>
      </labels>
      <steps/>
    </test-case>
    <test-case start="1559829807027" status="passed" stop="1559829807031">
      <name>TestLogin.test_login_003</name>
      <attachments/>
      <labels>
        <label name="severity" value="normal"/>
        <label name="thread" value="9916-MainThread"/>
        <label name="host" value="DESKTOP-QHO4KQD"/>
        <label name="framework" value="pytest"/>
        <label name="language" value="cpython3"/>
      </labels>
      <steps/>
    </test-case>
    <test-case start="1559829807033" status="passed" stop="1559829807037">
      <name>TestLogin.test_login_004</name>
      <attachments/>
      <labels>
        <label name="severity" value="normal"/>
        <label name="thread" value="9916-MainThread"/>
        <label name="host" value="DESKTOP-QHO4KQD"/>
        <label name="framework" value="pytest"/>
        <label name="language" value="cpython3"/>
      </labels>
      <steps/>
    </test-case>
  </test-cases>
</ns0:test-suite>
